<?xml version="1.0" encoding="UTF-8"?>
<!-- Generated by org.testng.reporters.JUnitXMLReporter -->
<testsuite hostname="DESKTOP-AC0RVQ1" name="Test" tests="6" failures="1" timestamp="14 Feb 2020 04:49:07 GMT" time="18.243" errors="0">
  <testcase name="email" time="0.067" classname="jing.HomepageTest">
    <failure type="java.lang.AssertionError" message="failed to verify expected [true] but found [false]">
      <![CDATA[java.lang.AssertionError: failed to verify expected [true] but found [false]
	at jing.HomepageTest.email(HomepageTest.java:51)
... Removed 27 stack frames]]>
    </failure>
  </testcase> <!-- email -->
  <testcase name="verifyTshirtsTab" time="0.204" classname="jing.HomepageTest"/>
  <testcase name="verifydressesTag" time="0.051" classname="jing.HomepageTest"/>
  <testcase name="verifydressesTagclick" time="13.391" classname="jing.HomepageTest"/>
  <testcase name="verifywomenTag" time="0.046" classname="jing.HomepageTest"/>
  <testcase name="verifywomenTagclick" time="4.214" classname="jing.HomepageTest"/>
</testsuite> <!-- Test -->
